2025/11/14 16:28:16 [Lamport=1][Server] | Event=Listening | Message=Server listening at [::]:5060
2025/11/14 16:53:25 [Lamport=1][Server] | Event=Listening | Message=Server listening at [::]:5060
2025/11/14 16:54:12 [Lamport=1][Client] | Event=Connect | Message=Connected to server
2025/11/14 16:54:12 [2] Client 0 subscribed
2025/11/14 16:57:16 [Lamport=1][Client] | Event=Connect | Message=Connected to server
2025/11/14 16:57:16 [3] Client 1 subscribed
2025/11/14 17:02:17 [Lamport=1][Client] | Event=Connect | Message=Connected to server
2025/11/14 17:02:34 [Lamport=1][Client] | Event=Connect | Message=Connected to server
2025/11/14 17:02:55 [Lamport=1][Client] | Event=Connect | Message=Connected to server
2025/11/14 17:04:12 [Lamport=1][Client] | Event=Connect | Message=Connected to server
2025/11/14 17:04:24 [Lamport=1][Server] | Event=Listening | Message=Server listening at [::]:5060
2025/11/14 17:04:25 [2] Client 0 subscribed
2025/11/14 17:04:56 [Lamport=1][Client] | Event=Connect | Message=Connected to server
2025/11/14 17:05:07 [Lamport=1][Server] | Event=Listening | Message=Server listening at [::]:5060
2025/11/14 17:05:08 [2] Client 0 subscribed
2025/11/14 17:05:51 [Lamport=1][Client] | Event=Connect | Message=Connected to server
2025/11/14 17:05:51 [3] Client 1 subscribed
2025/11/14 17:07:11 [Lamport=1][Client] | Event=Connect | Message=Connected to server
2025/11/14 17:07:18 [Lamport=1][Server] | Event=Listening | Message=Server listening at [::]:5060
2025/11/14 17:07:19 [2] Client 0 subscribed
2025/11/14 17:08:45 [Lamport=1][Server] | Event=Listening | Message=Server listening at [::]:5060
2025/11/14 17:08:50 [Lamport=1][Client] | Event=Connect | Message=Connected to server
2025/11/14 17:08:50 [2] Client 0 subscribed
2025/11/14 17:10:27 [Lamport=1][Server] | Event=Listening | Message=Server listening at [::]:5060
2025/11/14 17:10:31 [Lamport=1][Client] | Event=Connect | Message=Connected to server
2025/11/14 17:10:31 [2] Client 0 subscribed
2025/11/14 17:16:49 [Lamport=1][Server] | Event=Listening | Message=Server listening at [::]:5060
2025/11/14 17:16:52 [Lamport=1][Client] | Event=Connect | Message=Connected to server
2025/11/14 17:16:52 [2] Client 0 subscribed
2025/11/14 17:17:21 [Lamport=1][Client] | Event=Connect | Message=Connected to server
2025/11/14 17:17:30 [Lamport=1][Server] | Event=Listening | Message=Server listening at [::]:5060
2025/11/14 17:17:31 [2] Client 0 subscribed
2025/11/14 17:21:12 [Lamport=1][Server] | Event=Listening | Message=Server listening at [::]:5060
2025/11/14 17:21:16 [Lamport=1][Client] | Event=Connect | Message=Connected to server
2025/11/14 17:21:16 [2] Client 0 subscribed
2025/11/14 17:21:48 [Lamport=1][Server] | Event=Listening | Message=Server listening at [::]:5060
2025/11/14 17:21:51 [Lamport=1][Client] | Event=Connect | Message=Connected to server
2025/11/14 17:21:51 [2] Client 0 subscribed
2025/11/14 17:23:32 [Lamport=1][Server] | Event=Listening | Message=Server listening at [::]:5060
2025/11/14 17:23:37 [Lamport=1][Client] | Event=Connect | Message=Connected to server
2025/11/14 17:23:37 [2] Client 0 subscribed
2025/11/14 17:24:07 [Lamport=1][Client] | Event=Connect | Message=Connected to server
2025/11/14 17:24:15 [Lamport=1][Server] | Event=Listening | Message=Server listening at [::]:5060
2025/11/14 17:24:19 [2] Client 0 subscribed
2025/11/14 17:24:42 [Lamport=1][Server] | Event=Listening | Message=Server listening at [::]:5060
2025/11/14 17:25:00 [Lamport=1][Client] | Event=Connect | Message=Connected to server
2025/11/14 17:25:00 [2] Client 0 subscribed
2025/11/14 17:26:15 [Lamport=1][Server] | Event=Listening | Message=Server listening at [::]:5060
2025/11/20 10:40:03 [Lamport=1][Server] | Event=Listening | Message=Server listening at [::]:5060
2025/11/20 10:40:21 [Lamport=1][Client] | Event=Connect | Message=Connected to server
2025/11/20 10:40:21 [2] Client 0 subscribed
2025/11/20 10:42:28 [Lamport=1][Client] | Event=Connect | Message=Connected to server
2025/11/20 10:42:35 [Lamport=1][Client] | Event=Connect | Message=Connected to server
2025/11/20 10:44:03 [Lamport=1][Server] | Event=Listening | Message=Server listening at [::]:5060
2025/11/20 10:44:09 [Lamport=1][Client] | Event=Connect | Message=Connected to server
2025/11/20 10:44:09 [2] Client 0 subscribed
2025/11/20 10:44:45 [Lamport=1][Client] | Event=Connect | Message=Connected to server
2025/11/20 10:44:45 [3] Client 1 subscribed
2025/11/20 10:44:50 [Lamport=1][Server] | Event=Listening | Message=Server listening at [::]:5060
2025/11/20 10:44:51 [Lamport=1][Client] | Event=Connect | Message=Connected to server
2025/11/20 10:44:51 [2] Client 0 subscribed
2025/11/20 10:46:08 [Lamport=1][Server] | Event=Listening | Message=Server listening at [::]:5060
2025/11/20 10:46:09 [Lamport=1][Client] | Event=Connect | Message=Connected to server
2025/11/20 10:46:09 [2] Client 0 subscribed
2025/11/20 10:49:25 [Lamport=1][Server] | Event=Listening | Message=Server listening at [::]:5060
2025/11/20 10:49:26 [Lamport=1][Client] | Event=Connect | Message=Connected to server
2025/11/20 10:49:26 [2] Client 0 subscribed
2025/11/20 10:57:56 [Lamport=1][Server] | Event=Listening | Message=Server listening at [::]:5060
2025/11/20 10:57:57 [Lamport=1][Client] | Event=Connect | Message=Connected to server
2025/11/20 10:57:57 [2] Client 0 subscribed
2025/11/20 11:03:00 [Lamport=1][Server] | Event=Listening | Message=Server listening at [::]:5060
2025/11/20 11:03:02 [Lamport=1][Client] | Event=Connect | Message=Connected to server
2025/11/20 11:03:02 [2] Client 0 subscribed
2025/11/20 11:11:09 [Lamport=1][Server] | Event=Listening | Message=Server listening at [::]:5060
2025/11/20 11:14:53 [Lamport=1][Server] | Event=Listening | Message=Server listening at [::]:5060
2025/11/20 11:14:54 [Lamport=1][Client] | Event=Connect | Message=Connected to server
2025/11/20 11:14:54 [2] Client 0 subscribed
2025/11/20 11:15:58 [Lamport=1][Server] | Event=Listening | Message=Server listening at [::]:5060
2025/11/20 11:15:59 [Lamport=1][Client] | Event=Connect | Message=Connected to server
2025/11/20 11:15:59 [2] Client 0 subscribed
2025/11/20 11:20:31 [Lamport=1][Server] | Event=Listening | Message=Server listening at [::]:5060
2025/11/20 11:20:51 [Lamport=1][Client] | Event=Connect | Message=Connected to server
2025/11/20 11:20:51 [2] Client 0 subscribed
2025/11/20 11:21:05 [3] Client 1 subscribed
2025/11/20 11:23:49 [4] Client 2 subscribed
2025/11/20 11:25:08 [Lamport=1][Server] | Event=Listening | Message=Server listening at [::]:5060
2025/11/20 11:25:22 [Lamport=1][Client] | Event=Connect | Message=Connected to server
2025/11/20 11:25:22 [2] Client 0 subscribed
2025/11/20 11:25:25 [3] Client 1 subscribed
2025/11/20 11:27:53 [Lamport=1][Server] | Event=Listening | Message=Server listening at [::]:5060
2025/11/20 11:27:55 [Lamport=1][Client] | Event=Connect | Message=Connected to server
2025/11/20 11:27:55 [2] Client 0 subscribed
2025/11/20 11:27:57 [3] Client 1 subscribed
2025/11/20 11:32:17 [Lamport=1][Server] | Event=Listening | Message=Server listening at [::]:5060
2025/11/20 11:32:19 [Lamport=1][Client] | Event=Connect | Message=Connected to server
2025/11/20 11:32:19 [2] Client 0 subscribed
2025/11/20 11:32:20 [3] Client 1 subscribed
2025/11/20 13:10:28 [Server 0] All peers connected, starting simulation
2025/11/20 13:10:28 [Server 1] All peers connected, starting simulation
2025/11/20 13:28:29 [Server 1] All peers connected
2025/11/20 13:28:29 [Server 0] All peers connected
2025/11/20 13:28:55 [Lamport=1][Client] | Event=Connect | Message=Connected to server
2025/11/20 13:28:55 [2] Client 0 subscribed
2025/11/20 13:51:24 [Server 0] All peers connected
2025/11/20 13:51:24 [Server 1] All peers connected
2025/11/20 13:52:03 [Server 0] All peers connected
2025/11/20 13:52:03 [Server 1] All peers connected
2025/11/20 13:56:49 [Server 0] All peers connected
2025/11/20 13:56:49 [Server 1] All peers connected
2025/11/20 14:01:24 [Server 0] All peers connected
2025/11/20 14:01:24 [Server 1] All peers connected
2025/11/20 14:06:54 [Server 0] All peers connected
2025/11/20 14:06:54 [Server 1] All peers connected
2025/11/20 14:08:17 [Server 0] All peers connected
2025/11/20 14:08:17 [Server 1] All peers connected
2025/11/20 14:09:14 [Server 0] All peers connected
2025/11/20 14:09:14 [Server 1] All peers connected
2025/11/20 14:15:25 [Server 1] All peers connected
2025/11/20 14:15:25 [Server 0] All peers connected
2025/11/20 14:16:38 [Server 0] All peers connected
2025/11/20 14:16:38 [Server 1] All peers connected
2025/11/20 14:24:36 [Server 1] All peers connected
2025/11/20 14:24:36 [Server 0] All peers connected
2025/11/20 14:34:41 [Server 0] All peers connected
2025/11/20 14:34:41 [Server 1] All peers connected
2025/11/20 14:35:53 [Server 1] All peers connected
2025/11/20 14:35:53 [Server 0] All peers connected
2025/11/20 14:36:24 [Server 1] All peers connected
2025/11/20 14:36:24 [Server 0] All peers connected
2025/11/20 14:37:20 [Server 1] All peers connected
2025/11/20 14:37:20 [Server 0] All peers connected
2025/11/20 14:38:32 [Server 1] All peers connected
2025/11/20 14:38:32 [Server 0] All peers connected
2025/11/20 14:40:23 [Server 0] All peers connected
2025/11/20 14:40:23 [Server 1] All peers connected
2025/11/20 14:42:35 [Server 0] All peers connected
2025/11/20 14:42:35 [Server 1] All peers connected
2025/11/20 14:50:31 [Server 0] All peers connected
2025/11/20 14:50:31 [Server 1] All peers connected
2025/11/20 14:52:20 [Server 0] All peers connected
2025/11/20 14:52:20 [Server 1] All peers connected
2025/11/20 14:52:40 Failed to serve: accept tcp [::]:5050: use of closed network connection
