2025/11/23 20:49:12 [server=0][ts=1][event=peer_connected][peer=1][addr=:5051]
2025/11/23 20:49:16 [server=0][ts=2][event=client_subscribed][client=0]
2025/11/23 20:49:19 [ID=0][Auction_start] [timestamp: 2]
2025/11/23 20:49:19 [server=0][ts=2][event=start_sent_ack][peer=1][logIndex=0]
2025/11/23 20:49:25 [server=0][ts=2][event=bid_accepted][client=0][amount=100]
2025/11/23 20:49:25 [server=0][ts=2][event=replication_ack][peer=1][logIndex=1]
2025/11/23 21:04:57 [server=0][ts=1][event=peer_connected][peer=1][addr=:5051]
2025/11/23 21:05:00 [server=0][ts=2][event=replication_ack][peer=1][logIndex=0]
2025/11/23 21:05:00 [server=0][ts=2][event=client_subscribed][client=0]
2025/11/23 21:05:08 [ID=0][Auction_start] [timestamp: 2]
2025/11/23 21:05:08 [server=0][ts=2][event=start_sent_ack][peer=1][logIndex=1]
2025/11/23 21:05:14 [server=0][ts=2][event=bid_accepted][client=0][amount=100]
2025/11/23 21:05:14 [server=0][ts=2][event=replication_ack][peer=1][logIndex=2]
2025/11/23 21:05:25 [server=0][ts=2][event=bid_rejected][client=0][amount=100]
2025/11/23 21:05:33 [server=0][ts=2][event=auction_finished][winner=0][amount=100]
2025/11/23 21:06:12 [server=0][ts=3][event=replication_ack][peer=1][logIndex=3]
2025/11/23 21:06:12 [server=0][ts=3][event=client_subscribed][client=1]
2025/11/23 21:06:43 [server=0][ts=4][event=replication_ack][peer=1][logIndex=4]
2025/11/23 21:06:43 [server=0][ts=4][event=client_subscribed][client=2]
2025/11/23 21:06:43 [server=0][ts=5][event=replication_ack][peer=1][logIndex=5]
2025/11/23 21:06:43 [server=0][ts=5][event=client_subscribed][client=3]
2025/11/23 21:06:57 [ID=0][Auction_start] [timestamp: 5]
2025/11/23 21:06:57 [server=0][ts=5][event=start_sent_ack][peer=1][logIndex=6]
2025/11/23 21:07:00 [server=0][ts=5][event=bid_accepted][client=2][amount=800]
2025/11/23 21:07:00 [server=0][ts=5][event=replication_ack][peer=1][logIndex=7]
2025/11/23 21:07:01 [server=0][ts=5][event=bid_rejected][client=0][amount=200]
2025/11/23 21:07:05 [server=0][ts=5][event=bid_rejected][client=0][amount=400]
2025/11/23 21:07:12 [server=0][ts=5][event=bid_accepted][client=0][amount=1000]
2025/11/23 21:07:12 [server=0][ts=5][event=replication_ack][peer=1][logIndex=8]
2025/11/23 21:07:16 [server=0][ts=5][event=bid_accepted][client=2][amount=2000]
2025/11/23 21:07:16 [server=0][ts=5][event=replication_ack][peer=1][logIndex=9]
2025/11/23 21:07:19 [server=0][ts=5][event=bid_rejected][client=2][amount=100]
2025/11/23 21:07:23 [server=0][ts=5][event=bid_accepted][client=3][amount=3083]
2025/11/23 21:07:23 [server=0][ts=5][event=replication_ack][peer=1][logIndex=10]
2025/11/23 21:07:43 [server=0][ts=5][event=auction_finished][winner=3][amount=3083]
2025/11/23 21:08:18 [server=0][ts=5][event=peer_unresponsive][peer=0]
